Arguments: 
  /snap/node/4749/bin/node /snap/node/4749/bin/yarn.js add express cors pg jsonwebtocken bcrypt

PATH: 
  /home/karnan/anaconda3/bin:/home/karnan/.flossbank/bin:/home/karnan/.flossbank/bin:/home/karnan/.local/bin:/usr/local/sbin:/usr/local/bin:/usr/sbin:/usr/bin:/sbin:/bin:/usr/games:/usr/local/games:/snap/bin

Yarn version: 
  1.22.5

Node version: 
  12.22.1

Platform: 
  linux x64

Trace: 
  Error: https://registry.yarnpkg.com/jsonwebtocken: Not found
      at Request.params.callback [as _callback] (/snap/node/4749/lib/cli.js:66988:18)
      at Request.self.callback (/snap/node/4749/lib/cli.js:140749:22)
      at Request.emit (events.js:314:20)
      at Request.<anonymous> (/snap/node/4749/lib/cli.js:141721:10)
      at Request.emit (events.js:314:20)
      at IncomingMessage.<anonymous> (/snap/node/4749/lib/cli.js:141643:12)
      at Object.onceWrapper (events.js:420:28)
      at IncomingMessage.emit (events.js:326:22)
      at endReadableNT (_stream_readable.js:1241:12)
      at processTicksAndRejections (internal/process/task_queues.js:84:21)

npm manifest: 
  {
    "name": "server",
    "version": "1.0.0",
    "main": "index.js",
    "license": "MIT"
  }

yarn manifest: 
  No manifest

Lockfile: 
  No lockfile
